{
  "stats": {
    "suites": 1,
    "tests": 1,
    "passes": 1,
    "pending": 0,
    "failures": 0,
    "start": "2023-07-19T13:36:12.442Z",
    "end": "2023-07-19T13:36:42.277Z",
    "duration": 29835,
    "testsRegistered": 1,
    "passPercent": 100,
    "pendingPercent": 0,
    "other": 0,
    "hasOther": false,
    "skipped": 0,
    "hasSkipped": false
  },
  "results": [
    {
      "uuid": "b5ca6b94-dd64-4598-a3c4-b30827e8653b",
      "title": "",
      "fullFile": "cypress\\e2e\\test_evento.cy.js",
      "file": "cypress\\e2e\\test_evento.cy.js",
      "beforeHooks": [],
      "afterHooks": [],
      "tests": [],
      "suites": [
        {
          "uuid": "3743cbad-8dc9-4e23-92c3-142a0ad739d4",
          "title": "Test Eventos 01",
          "fullFile": "",
          "file": "",
          "beforeHooks": [],
          "afterHooks": [],
          "tests": [
            {
              "title": "Test Evento Nuevo, comprobar, modificar, borrar",
              "fullTitle": "Test Eventos 01 Test Evento Nuevo, comprobar, modificar, borrar",
              "timedOut": null,
              "duration": 28016,
              "state": "passed",
              "speed": "slow",
              "pass": true,
              "fail": false,
              "pending": false,
              "context": null,
              "code": "cy.viewport(1200, 750);\ncy.visit('http://mdesashipo.protecmedia.com/shipov25desa/');\nTestLogin();\nAbrirMenuSeccion();\nSeleccionarSuscripciones();\nAbrirMenuSuscripciones();\nAbrirGestionComercial();\nAbrirEventosSubscripcion();\nAbrirSubEventosSubscripcion();\nclickNuevoEvento();\neditNuevoEvento();\ncomprobarModificacion();\nborrarEvento();",
              "err": {},
              "uuid": "ff439c79-217c-476a-96e7-71291d10150d",
              "parentUUID": "3743cbad-8dc9-4e23-92c3-142a0ad739d4",
              "isHook": false,
              "skipped": false
            }
          ],
          "suites": [],
          "passes": [
            "ff439c79-217c-476a-96e7-71291d10150d"
          ],
          "failures": [],
          "pending": [],
          "skipped": [],
          "duration": 28016,
          "root": false,
          "rootEmpty": false,
          "_timeout": 2000
        }
      ],
      "passes": [],
      "failures": [],
      "pending": [],
      "skipped": [],
      "duration": 0,
      "root": true,
      "rootEmpty": true,
      "_timeout": 2000
    }
  ],
  "meta": {
    "mocha": {
      "version": "7.0.1"
    },
    "mochawesome": {
      "options": {
        "quiet": false,
        "reportFilename": "mochawesome",
        "saveHtml": true,
        "saveJson": true,
        "consoleReporter": "spec",
        "useInlineDiffs": false,
        "code": true
      },
      "version": "7.1.3"
    },
    "marge": {
      "options": null,
      "version": "6.2.0"
    }
  }
}